# JRE version: Java(TM) SE Runtime Environment (8.0_171-b11) (build 1.8.0_171-b11)
# Java VM: Java HotSpot(TM) 64-Bit Server VM (25.171-b11 mixed mode windows-amd64 compressed oops)
Heap:
 PSYoungGen      total 646656K, used 146147K [0x00000000d5d80000, 0x0000000100000000, 0x0000000100000000)
  eden space 602624K, 16% used [0x00000000d5d80000,0x00000000dc138eb0,0x00000000faa00000)
  from space 44032K, 100% used [0x00000000faa00000,0x00000000fd500000,0x00000000fd500000)
  to   space 44032K, 0% used [0x00000000fd500000,0x00000000fd500000,0x0000000100000000)
 ParOldGen       total 167936K, used 120272K [0x0000000081800000, 0x000000008bc00000, 0x00000000d5d80000)
  object space 167936K, 71% used [0x0000000081800000,0x0000000088d740a0,0x000000008bc00000)
 Metaspace       used 10963K, capacity 11264K, committed 11520K, reserved 1058816K
  class space    used 1162K, capacity 1255K, committed 1280K, reserved 1048576K
GC Heap History (10 events):
Event: 14.414 GC heap before
{Heap before GC invocations=24 (full 0):
 PSYoungGen      total 448512K, used 448480K [0x00000000d5d80000, 0x00000000ff900000, 0x0000000100000000)
  eden space 446976K, 100% used [0x00000000d5d80000,0x00000000f1200000,0x00000000f1200000)
  from space 1536K, 97% used [0x00000000ff600000,0x00000000ff778020,0x00000000ff780000)
  to   space 1536K, 0% used [0x00000000ff780000,0x00000000ff780000,0x00000000ff900000)
 ParOldGen       total 87552K, used 17006K [0x0000000081800000, 0x0000000086d80000, 0x00000000d5d80000)
  object space 87552K, 19% used [0x0000000081800000,0x000000008289b9a0,0x0000000086d80000)
 Metaspace       used 10769K, capacity 11064K, committed 11264K, reserved 1058816K
  class space    used 1161K, capacity 1255K, committed 1280K, reserved 1048576K
Event: 14.492 GC heap after
Heap after GC invocations=24 (full 0):
 PSYoungGen      total 428032K, used 1536K [0x00000000d5d80000, 0x00000000ff900000, 0x0000000100000000)
  eden space 426496K, 0% used [0x00000000d5d80000,0x00000000d5d80000,0x00000000efe00000)
  from space 1536K, 100% used [0x00000000ff780000,0x00000000ff900000,0x00000000ff900000)
  to   space 20992K, 0% used [0x00000000fd000000,0x00000000fd000000,0x00000000fe480000)
 ParOldGen       total 87552K, used 55802K [0x0000000081800000, 0x0000000086d80000, 0x00000000d5d80000)
  object space 87552K, 63% used [0x0000000081800000,0x0000000084e7e840,0x0000000086d80000)
 Metaspace       used 10769K, capacity 11064K, committed 11264K, reserved 1058816K
  class space    used 1161K, capacity 1255K, committed 1280K, reserved 1048576K
}
Event: 17.145 GC heap before
{Heap before GC invocations=25 (full 0):
 PSYoungGen      total 428032K, used 428032K [0x00000000d5d80000, 0x00000000ff900000, 0x0000000100000000)
  eden space 426496K, 100% used [0x00000000d5d80000,0x00000000efe00000,0x00000000efe00000)
  from space 1536K, 100% used [0x00000000ff780000,0x00000000ff900000,0x00000000ff900000)
  to   space 20992K, 0% used [0x00000000fd000000,0x00000000fd000000,0x00000000fe480000)
 ParOldGen       total 87552K, used 55802K [0x0000000081800000, 0x0000000086d80000, 0x00000000d5d80000)
  object space 87552K, 63% used [0x0000000081800000,0x0000000084e7e840,0x0000000086d80000)
 Metaspace       used 10877K, capacity 11128K, committed 11264K, reserved 1058816K
  class space    used 1161K, capacity 1255K, committed 1280K, reserved 1048576K
Event: 17.261 GC heap after
Heap after GC invocations=25 (full 0):
 PSYoungGen      total 575488K, used 20960K [0x00000000d5d80000, 0x00000000ff800000, 0x0000000100000000)
  eden space 554496K, 0% used [0x00000000d5d80000,0x00000000d5d80000,0x00000000f7b00000)
  from space 20992K, 99% used [0x00000000fd000000,0x00000000fe478010,0x00000000fe480000)
  to   space 19968K, 0% used [0x00000000fe480000,0x00000000fe480000,0x00000000ff800000)
 ParOldGen       total 87552K, used 76402K [0x0000000081800000, 0x0000000086d80000, 0x00000000d5d80000)
  object space 87552K, 87% used [0x0000000081800000,0x000000008629c840,0x0000000086d80000)
 Metaspace       used 10877K, capacity 11128K, committed 11264K, reserved 1058816K
  class space    used 1161K, capacity 1255K, committed 1280K, reserved 1048576K
}
Event: 17.261 GC heap before
{Heap before GC invocations=26 (full 1):
 PSYoungGen      total 575488K, used 20960K [0x00000000d5d80000, 0x00000000ff800000, 0x0000000100000000)
  eden space 554496K, 0% used [0x00000000d5d80000,0x00000000d5d80000,0x00000000f7b00000)
  from space 20992K, 99% used [0x00000000fd000000,0x00000000fe478010,0x00000000fe480000)
  to   space 19968K, 0% used [0x00000000fe480000,0x00000000fe480000,0x00000000ff800000)
 ParOldGen       total 87552K, used 76402K [0x0000000081800000, 0x0000000086d80000, 0x00000000d5d80000)
  object space 87552K, 87% used [0x0000000081800000,0x000000008629c840,0x0000000086d80000)
 Metaspace       used 10877K, capacity 11128K, committed 11264K, reserved 1058816K
  class space    used 1161K, capacity 1255K, committed 1280K, reserved 1048576K
Event: 17.999 GC heap after
Heap after GC invocations=26 (full 1):
 PSYoungGen      total 575488K, used 4571K [0x00000000d5d80000, 0x00000000ff800000, 0x0000000100000000)
  eden space 554496K, 0% used [0x00000000d5d80000,0x00000000d5d80000,0x00000000f7b00000)
  from space 20992K, 21% used [0x00000000fd000000,0x00000000fd476e20,0x00000000fe480000)
  to   space 19968K, 0% used [0x00000000fe480000,0x00000000fe480000,0x00000000ff800000)
 ParOldGen       total 167936K, used 87304K [0x0000000081800000, 0x000000008bc00000, 0x00000000d5d80000)
  object space 167936K, 51% used [0x0000000081800000,0x0000000086d420a0,0x000000008bc00000)
 Metaspace       used 10877K, capacity 11128K, committed 11264K, reserved 1058816K
  class space    used 1161K, capacity 1255K, committed 1280K, reserved 1048576K
}
Event: 21.216 GC heap before
{Heap before GC invocations=27 (full 1):
 PSYoungGen      total 575488K, used 559067K [0x00000000d5d80000, 0x00000000ff800000, 0x0000000100000000)
  eden space 554496K, 100% used [0x00000000d5d80000,0x00000000f7b00000,0x00000000f7b00000)
  from space 20992K, 21% used [0x00000000fd000000,0x00000000fd476e20,0x00000000fe480000)
  to   space 19968K, 0% used [0x00000000fe480000,0x00000000fe480000,0x00000000ff800000)
 ParOldGen       total 167936K, used 87304K [0x0000000081800000, 0x000000008bc00000, 0x00000000d5d80000)
  object space 167936K, 51% used [0x0000000081800000,0x0000000086d420a0,0x000000008bc00000)
 Metaspace       used 10907K, capacity 11192K, committed 11520K, reserved 1058816K
  class space    used 1161K, capacity 1255K, committed 1280K, reserved 1048576K
Event: 21.401 GC heap after
Heap after GC invocations=27 (full 1):
 PSYoungGen      total 622592K, used 19968K [0x00000000d5d80000, 0x0000000100000000, 0x0000000100000000)
  eden space 602624K, 0% used [0x00000000d5d80000,0x00000000d5d80000,0x00000000faa00000)
  from space 19968K, 100% used [0x00000000fe480000,0x00000000ff800000,0x00000000ff800000)
  to   space 44032K, 0% used [0x00000000faa00000,0x00000000faa00000,0x00000000fd500000)
 ParOldGen       total 167936K, used 113488K [0x0000000081800000, 0x000000008bc00000, 0x00000000d5d80000)
  object space 167936K, 67% used [0x0000000081800000,0x00000000886d40a0,0x000000008bc00000)
 Metaspace       used 10907K, capacity 11192K, committed 11520K, reserved 1058816K
  class space    used 1161K, capacity 1255K, committed 1280K, reserved 1048576K
}
Event: 24.988 GC heap before
{Heap before GC invocations=28 (full 1):
 PSYoungGen      total 622592K, used 622592K [0x00000000d5d80000, 0x0000000100000000, 0x0000000100000000)
  eden space 602624K, 100% used [0x00000000d5d80000,0x00000000faa00000,0x00000000faa00000)
  from space 19968K, 100% used [0x00000000fe480000,0x00000000ff800000,0x00000000ff800000)
  to   space 44032K, 0% used [0x00000000faa00000,0x00000000faa00000,0x00000000fd500000)
 ParOldGen       total 167936K, used 113488K [0x0000000081800000, 0x000000008bc00000, 0x00000000d5d80000)
  object space 167936K, 67% used [0x0000000081800000,0x00000000886d40a0,0x000000008bc00000)
 Metaspace       used 10946K, capacity 11200K, committed 11520K, reserved 1058816K
  class space    used 1161K, capacity 1255K, committed 1280K, reserved 1048576K
Event: 25.233 GC heap after
Heap after GC invocations=28 (full 1):
 PSYoungGen      total 646656K, used 44032K [0x00000000d5d80000, 0x0000000100000000, 0x0000000100000000)
  eden space 602624K, 0% used [0x00000000d5d80000,0x00000000d5d80000,0x00000000faa00000)
  from space 44032K, 100% used [0x00000000faa00000,0x00000000fd500000,0x00000000fd500000)
  to   space 44032K, 0% used [0x00000000fd500000,0x00000000fd500000,0x0000000100000000)
 ParOldGen       total 167936K, used 120272K [0x0000000081800000, 0x000000008bc00000, 0x00000000d5d80000)
  object space 167936K, 71% used [0x0000000081800000,0x0000000088d740a0,0x000000008bc00000)
 Metaspace       used 10946K, capacity 11200K, committed 11520K, reserved 1058816K
  class space    used 1161K, capacity 1255K, committed 1280K, reserved 1048576K
}

